<?xml version="1.0" encoding="UTF-8"?>
<testExecutions version="1">
  <file path="/Users/lenny/Projects/hello-next/src/__tests__/example.test.js">
  </file>
</testExecutions>